#
# A fatal error has been detected by the Java Runtime Environment:
#
#  EXCEPTION_ACCESS_VIOLATION (0xc0000005) at pc=0x00007ff9473ad184, pid=3844, tid=1944
#
# JRE version:  (11.0.2+9) (build )
# Java VM: OpenJDK 64-Bit Server VM (11.0.2+9-b159.30, mixed mode, sharing, tiered, compressed oops, g1 gc, windows-amd64)
# Problematic frame:
# V  [jvm.dll+0x23d184]
#
# No core dump will be written. Minidumps are not enabled by default on client versions of Windows
#
# If you would like to submit a bug report, please visit:
#   http://bugreport.java.com/bugreport/crash.jsp
#

---------------  S U M M A R Y ------------

Command Line: -Drebel.base=C:\Users\Admin\.jrebel -Drebel.env.ide.plugin.version=2019.1.0 -Drebel.env.ide.version=2019.1 -Drebel.env.ide.product=IU -Drebel.env.ide=intellij -Drebel.notification.url=http://localhost:17434 -agentpath:C:\Users\Admin\.IntelliJIdea2019.1\config\plugins\jr-ide-idea\lib\jrebel6\lib\jrebel64.dll -XX:TieredStopAtLevel=1 -Xverify:none -Dspring.output.ansi.enabled=always -Dcom.sun.management.jmxremote -Dspring.liveBeansView.mbeanDomain -Dspring.application.admin.enabled=true -javaagent:E:\idea\IntelliJ IDEA 2019.1\lib\idea_rt.jar=50971:E:\idea\IntelliJ IDEA 2019.1\bin -Dfile.encoding=UTF-8 com.example.bbzn.BbznApplication

Host: AMD Ryzen 5 2600 Six-Core Processor            , 12 cores, 15G,  Windows 10 , 64 bit Build 17763 (10.0.17763.437)
Time: Sat Apr 20 09:45:09 2019 ?D1ú±ê×?ê±?? elapsed time: 0 seconds (0d 0h 0m 0s)

---------------  T H R E A D  ---------------

Current thread (0x000001fea9445000):  JavaThread "Unknown thread" [_thread_in_vm, id=1944, stack(0x000000433fa00000,0x000000433fb00000)]

Stack: [0x000000433fa00000,0x000000433fb00000],  sp=0x000000433faffa10,  free space=1022k
Native frames: (J=compiled Java code, j=interpreted, Vv=VM code, C=native code)
V  [jvm.dll+0x23d184]
V  [jvm.dll+0x6ac96d]
V  [jvm.dll+0x6ac8a3]
V  [jvm.dll+0x6ea615]
V  [jvm.dll+0x6ec1a8]
V  [jvm.dll+0x3551fb]
V  [jvm.dll+0x6d274e]
V  [jvm.dll+0x3bd953]
V  [jvm.dll+0x3bfcc1]
C  [java.exe+0x3763]
C  [java.exe+0x17a0c]
C  [KERNEL32.DLL+0x17974]
C  [ntdll.dll+0x6a271]


siginfo: EXCEPTION_ACCESS_VIOLATION (0xc0000005), reading address 0x0000000000000010


Registers:
RAX=0x0000000000000000, RBX=0x000001fec8b900c0, RCX=0x000001fec8b900c0, RDX=0x000001fea9445000
RSP=0x000000433faffa10, RBP=0x00000000000003d8, RSI=0x000001fea927daf0, RDI=0x000001fea9445000
R8 =0x000000008263ab16, R9 =0x0000000000000000, R10=0x000001fea93385e8, R11=0x0000000000000246
R12=0x000001fea9445930, R13=0x000001fea9445d08, R14=0x000001fea9445920, R15=0x0000000000000000
RIP=0x00007ff9473ad184, EFLAGS=0x0000000000010202

Top of Stack: (sp=0x000000433faffa10)
0x000000433faffa10:   0000000000000000 000001fea9445920
0x000000433faffa20:   000001fea9445d08 000001fea9445930
0x000000433faffa30:   0000000000000000 00007ff94781c96d
0x000000433faffa40:   000001fea9445000 00000000000003d8
0x000000433faffa50:   000001fea9445000 0000000000000000
0x000000433faffa60:   000001fea9445000 00007ff94781c8a3
0x000000433faffa70:   000001fe00000002 0000000000000000
0x000000433faffa80:   0000000000000000 000001fea9445000
0x000000433faffa90:   000001fea9445000 00007ff94785a615
0x000000433faffaa0:   000001fea94417d0 00000000000003d8
0x000000433faffab0:   000001fea927daf0 000001fea787a238
0x000000433faffac0:   00007ff9476fa370 000001fea787a238
0x000000433faffad0:   000001fea786c910 0000000000000001
0x000000433faffae0:   000000433faffdd8 00007ff94785c1a8
0x000000433faffaf0:   0000000000000000 00000000000003d8
0x000000433faffb00:   0000000000000000 000001fea9445000 

Instructions: (pc=0x00007ff9473ad184)
0x00007ff9473ad164:   c3 48 ff 25 34 bc 73 00 cc cc cc cc 48 89 5c 24
0x00007ff9473ad174:   18 57 48 83 ec 20 48 8b 41 10 48 8b d9 48 8b fa
0x00007ff9473ad184:   48 8b 48 10 48 85 c9 74 0f ff 15 0d bc 73 00 48
0x00007ff9473ad194:   85 c0 0f 85 97 00 00 00 48 8b 03 48 8b cb ff 50 



---------------  P R O C E S S  ---------------

Threads class SMR info:
_java_thread_list=0x000001fea787dc10, length=0, elements={
}

Java Threads: ( => current thread )

Other Threads:
  0x000001fea955b000 GCTaskThread "GC Thread#0" [stack: 0x000000433fb00000,0x000000433fc00000] [id=4820]
  0x000001fea949a000 ConcurrentGCThread "G1 Main Marker" [stack: 0x000000433fc00000,0x000000433fd00000] [id=8412]
  0x000001fea949b800 ConcurrentGCThread "G1 Conc#0" [stack: 0x000000433fd00000,0x000000433fe00000] [id=4020]
  0x000001fea9300000 ConcurrentGCThread "G1 Refine#0" [stack: 0x000000433fe00000,0x000000433ff00000] [id=4788]
  0x000001fea9301000 ConcurrentGCThread "G1 Young RemSet Sampling" [stack: 0x000000433ff00000,0x0000004340000000] [id=2020]

=>0x000001fea9445000 (exited) JavaThread "Unknown thread" [_thread_in_vm, id=1944, stack(0x000000433fa00000,0x000000433fb00000)]

Threads with active compile tasks:

VM state:not at safepoint (not fully initialized)

VM Mutex/Monitor currently owned by a thread: None

Heap address: 0x0000000701000000, size: 4080 MB, Compressed Oops mode: Zero based, Oop shift amount: 3
Narrow klass base: 0x0000000800000000, Narrow klass shift: 3
Compressed class space size: 1073741824 Address: 0x0000000840000000

GC Heap History (0 events):
No events

Deoptimization events (0 events):
No events

Classes redefined (0 events):
No events

Internal exceptions (0 events):
No events

Events (0 events):
No events


Dynamic libraries:
0x00007ff780cf0000 - 0x00007ff780d37000 	E:\idea\IntelliJ IDEA 2019.1\jre64\bin\java.exe
0x00007ff971cf0000 - 0x00007ff971edd000 	C:\Windows\SYSTEM32\ntdll.dll
0x00007ff96ef20000 - 0x00007ff96efd3000 	C:\Windows\System32\KERNEL32.DLL
0x00007ff96e900000 - 0x00007ff96eb93000 	C:\Windows\System32\KERNELBASE.dll
0x00007ff96f270000 - 0x00007ff96f407000 	C:\Windows\System32\USER32.dll
0x00007ff96e890000 - 0x00007ff96e8b0000 	C:\Windows\System32\win32u.dll
0x00007ff96ff00000 - 0x00007ff96ff29000 	C:\Windows\System32\GDI32.dll
0x00007ff96ddc0000 - 0x00007ff96df5a000 	C:\Windows\System32\gdi32full.dll
0x00007ff96eba0000 - 0x00007ff96ec40000 	C:\Windows\System32\msvcp_win.dll
0x00007ff96ecc0000 - 0x00007ff96edba000 	C:\Windows\System32\ucrtbase.dll
0x00007ff9620d0000 - 0x00007ff962349000 	C:\Windows\WinSxS\amd64_microsoft.windows.common-controls_6595b64144ccf1df_6.0.17763.437_none_05b63dca071e5dd6\COMCTL32.dll
0x00007ff9719e0000 - 0x00007ff971a7e000 	C:\Windows\System32\msvcrt.dll
0x00007ff970010000 - 0x00007ff97033c000 	C:\Windows\System32\combase.dll
0x00007ff96fd20000 - 0x00007ff96fe42000 	C:\Windows\System32\RPCRT4.dll
0x00007ff96ec40000 - 0x00007ff96ecbe000 	C:\Windows\System32\bcryptPrimitives.dll
0x00007ff9719b0000 - 0x00007ff9719de000 	C:\Windows\System32\IMM32.DLL
0x00007ff947150000 - 0x00007ff947167000 	E:\idea\IntelliJ IDEA 2019.1\jre64\bin\vcruntime140.dll
0x00007ff946a10000 - 0x00007ff946aad000 	E:\idea\IntelliJ IDEA 2019.1\jre64\bin\msvcp140.dll
0x00007ff947170000 - 0x00007ff947c26000 	E:\idea\IntelliJ IDEA 2019.1\jre64\bin\server\jvm.dll
0x00007ff971c10000 - 0x00007ff971cb3000 	C:\Windows\System32\ADVAPI32.dll
0x00007ff970340000 - 0x00007ff9703de000 	C:\Windows\System32\sechost.dll
0x00007ff971a80000 - 0x00007ff971a88000 	C:\Windows\System32\PSAPI.DLL
0x00007ff9593c0000 - 0x00007ff9593c9000 	C:\Windows\SYSTEM32\WSOCK32.dll
0x00007ff96ff30000 - 0x00007ff96ff9d000 	C:\Windows\System32\WS2_32.dll
0x00007ff96bca0000 - 0x00007ff96bcc4000 	C:\Windows\SYSTEM32\WINMM.dll
0x00007ff969550000 - 0x00007ff96955a000 	C:\Windows\SYSTEM32\VERSION.dll
0x00007ff96b900000 - 0x00007ff96b92d000 	C:\Windows\SYSTEM32\winmmbase.dll
0x00007ff96e8b0000 - 0x00007ff96e8fa000 	C:\Windows\System32\cfgmgr32.dll
0x00007ff96dcf0000 - 0x00007ff96dd01000 	C:\Windows\System32\kernel.appcore.dll
0x00007ff947130000 - 0x00007ff947141000 	E:\idea\IntelliJ IDEA 2019.1\jre64\bin\verify.dll
0x00007ff94e410000 - 0x00007ff94e5fd000 	C:\Windows\SYSTEM32\DBGHELP.DLL
0x00007ff95f030000 - 0x00007ff95f05a000 	C:\Windows\SYSTEM32\dbgcore.DLL
0x00007ff947100000 - 0x00007ff947129000 	E:\idea\IntelliJ IDEA 2019.1\jre64\bin\java.dll
0x00007ff96a4b0000 - 0x00007ff96a4e9000 	C:\Users\Admin\.IntelliJIdea2019.1\config\plugins\jr-ide-idea\lib\jrebel6\lib\jrebel64.dll
0x00007ff970440000 - 0x00007ff971930000 	C:\Windows\System32\SHELL32.dll
0x00007ff96f7f0000 - 0x00007ff96f898000 	C:\Windows\System32\shcore.dll
0x00007ff96e140000 - 0x00007ff96e88a000 	C:\Windows\System32\windows.storage.dll
0x00007ff96dd90000 - 0x00007ff96ddb4000 	C:\Windows\System32\profapi.dll
0x00007ff96dd10000 - 0x00007ff96dd6d000 	C:\Windows\System32\powrprof.dll
0x00007ff96efe0000 - 0x00007ff96f032000 	C:\Windows\System32\shlwapi.dll
0x00007ff96eea0000 - 0x00007ff96eeb7000 	C:\Windows\System32\cryptsp.dll
0x00007ff96d6b0000 - 0x00007ff96d6bc000 	C:\Windows\SYSTEM32\CRYPTBASE.DLL
0x00007ff9698f0000 - 0x00007ff969924000 	E:\idea\IntelliJ IDEA 2019.1\jre64\bin\instrument.dll
0x00007ff9470e0000 - 0x00007ff9470f7000 	E:\idea\IntelliJ IDEA 2019.1\jre64\bin\zip.dll
0x00007ff9470d0000 - 0x00007ff9470db000 	E:\idea\IntelliJ IDEA 2019.1\jre64\bin\jimage.dll

dbghelp: loaded successfully - version: 4.0.5 - missing functions: none
symbol engine: initialized successfully - sym options: 0x614 - pdb path: .;E:\idea\IntelliJ IDEA 2019.1\jre64\bin;C:\Windows\SYSTEM32;C:\Windows\WinSxS\amd64_microsoft.windows.common-controls_6595b64144ccf1df_6.0.17763.437_none_05b63dca071e5dd6;E:\idea\IntelliJ IDEA 2019.1\jre64\bin\server;C:\Users\Admin\.IntelliJIdea2019.1\config\plugins\jr-ide-idea\lib\jrebel6\lib

VM Arguments:
jvm_args: -Drebel.base=C:\Users\Admin\.jrebel -Drebel.env.ide.plugin.version=2019.1.0 -Drebel.env.ide.version=2019.1 -Drebel.env.ide.product=IU -Drebel.env.ide=intellij -Drebel.notification.url=http://localhost:17434 -agentpath:C:\Users\Admin\.IntelliJIdea2019.1\config\plugins\jr-ide-idea\lib\jrebel6\lib\jrebel64.dll -XX:TieredStopAtLevel=1 -Xverify:none -Dspring.output.ansi.enabled=always -Dcom.sun.management.jmxremote -Dspring.liveBeansView.mbeanDomain -Dspring.application.admin.enabled=true -javaagent:E:\idea\IntelliJ IDEA 2019.1\lib\idea_rt.jar=50971:E:\idea\IntelliJ IDEA 2019.1\bin -Dfile.encoding=UTF-8 
java_command: com.example.bbzn.BbznApplication
java_class_path (initial): E:\bbzn\target\classes;C:\Users\Admin\.m2\repository\org\apache\poi\poi\3.17\poi-3.17.jar;C:\Users\Admin\.m2\repository\commons-codec\commons-codec\1.10\commons-codec-1.10.jar;C:\Users\Admin\.m2\repository\org\apache\commons\commons-collections4\4.1\commons-collections4-4.1.jar;C:\Users\Admin\.m2\repository\org\springframework\boot\spring-boot-starter-web\1.5.19.RELEASE\spring-boot-starter-web-1.5.19.RELEASE.jar;C:\Users\Admin\.m2\repository\org\springframework\boot\spring-boot-starter\1.5.19.RELEASE\spring-boot-starter-1.5.19.RELEASE.jar;C:\Users\Admin\.m2\repository\org\springframework\boot\spring-boot\1.5.19.RELEASE\spring-boot-1.5.19.RELEASE.jar;C:\Users\Admin\.m2\repository\org\springframework\boot\spring-boot-autoconfigure\1.5.19.RELEASE\spring-boot-autoconfigure-1.5.19.RELEASE.jar;C:\Users\Admin\.m2\repository\org\springframework\boot\spring-boot-starter-logging\1.5.19.RELEASE\spring-boot-starter-logging-1.5.19.RELEASE.jar;C:\Users\Admin\.m2\repository\ch\qos\logback\logback-classic\1.1.11\logback-classic-1.1.11.jar;C:\Users\Admin\.m2\repository\ch\qos\logback\logback-core\1.1.11\logback-core-1.1.11.jar;C:\Users\Admin\.m2\repository\org\slf4j\jcl-over-slf4j\1.7.25\jcl-over-slf4j-1.7.25.jar;C:\Users\Admin\.m2\repository\org\slf4j\jul-to-slf4j\1.7.25\jul-to-slf4j-1.7.25.jar;C:\Users\Admin\.m2\repository\org\slf4j\log4j-over-slf4j\1.7.25\log4j-over-slf4j-1.7.25.jar;C:\Users\Admin\.m2\repository\org\yaml\snakeyaml\1.17\snakeyaml-1.17.jar;C:\Users\Admin\.m2\repository\org\hibernate\hibernate-validator\5.3.6.Final\hibernate-validator-5.3.6.Final.jar;C:\Users\Admin\.m2\repository\javax\validation\validation-api\1.1.0.Final\validation-api-1.1.0.Final.jar;C:\Users\Admin\.m2\repository\org\jboss\logging\jboss-logging\3.3.2.Final\jboss-logging-3.3.2.Final.jar;C:\Users\Admin\.m2\repository\com\fasterxml\classmate\1.3.4\classmate-1.3.4.jar;C:\Users\Admin\.m2\repository\com\fasterxml\jackson\core\jackson-databind\2.8.11.3\jackson-databind-2.8.1
Launcher Type: SUN_STANDARD

[Global flags]
     bool BytecodeVerificationLocal                = false                                     {product} {command line}
     bool BytecodeVerificationRemote               = false                                     {product} {command line}
     intx CICompilerCount                          = 4                                         {product} {ergonomic}
     uint ConcGCThreads                            = 3                                         {product} {ergonomic}
     uint G1ConcRefinementThreads                  = 10                                        {product} {ergonomic}
   size_t G1HeapRegionSize                         = 1048576                                   {product} {ergonomic}
    uintx GCDrainStackTargetSize                   = 64                                        {product} {ergonomic}
   size_t InitialHeapSize                          = 268435456                                 {product} {ergonomic}
     bool ManagementServer                         = true                                      {product} {command line}
   size_t MarkStackSize                            = 4194304                                   {product} {ergonomic}
   size_t MaxHeapSize                              = 4278190080                                {product} {ergonomic}
   size_t MaxNewSize                               = 2566914048                                {product} {ergonomic}
   size_t MinHeapDeltaBytes                        = 1048576                                   {product} {ergonomic}
    uintx NonNMethodCodeHeapSize                   = 7549744                                {pd product} {ergonomic}
    uintx NonProfiledCodeHeapSize                  = 244108496                              {pd product} {ergonomic}
    uintx ProfiledCodeHeapSize                     = 0                                      {pd product} {ergonomic}
    uintx ReservedCodeCacheSize                    = 251658240                              {pd product} {ergonomic}
     bool SegmentedCodeCache                       = true                                      {product} {ergonomic}
     intx TieredStopAtLevel                        = 1                                         {product} {command line}
     bool UseCompressedClassPointers               = true                                 {lp64_product} {ergonomic}
     bool UseCompressedOops                        = true                                 {lp64_product} {ergonomic}
     bool UseG1GC                                  = true                                      {product} {ergonomic}
     bool UseLargePagesIndividualAllocation        = false                                  {pd product} {ergonomic}

Logging:
Log output configuration:
 #0: stdout all=warning uptime,level,tags
 #1: stderr all=off uptime,level,tags

Environment Variables:
PATH=C:\Program Files (x86)\Common Files\Oracle\Java\javapath;C:\Windows\system32;C:\Windows;C:\Windows\System32\Wbem;C:\Windows\System32\WindowsPowerShell\v1.0\;C:\Windows\System32\OpenSSH\;C:\Program Files\NVIDIA Corporation\NVIDIA NvDLISR;E:\GIT\Git\cmd;C:\Users\Admin\AppData\Local\Microsoft\WindowsApps;;E:\SSH(不是项目)
USERNAME=Admin
OS=Windows_NT
PROCESSOR_IDENTIFIER=AMD64 Family 23 Model 8 Stepping 2, AuthenticAMD



---------------  S Y S T E M  ---------------

OS: Windows 10 , 64 bit Build 17763 (10.0.17763.437)

CPU:total 12 (initial active 12) (12 cores per cpu, 2 threads per core) family 23 model 8 stepping 2, cmov, cx8, fxsr, mmx, sse, sse2, sse3, ssse3, sse4.1, sse4.2, popcnt, avx, avx2, aes, clmul, mmxext, 3dnowpref, lzcnt, sse4a, ht, tsc, tscinvbit, tscinv, bmi1, bmi2, adx, sha, fma

Memory: 4k page, system-wide physical 16313M (11458M free)
TotalPageFile size 17337M (AvailPageFile size 10014M)
current process WorkingSet (physical memory assigned to process): 25M, peak: 25M
current process commit charge ("private bytes"): 351M, peak: 351M

vm_info: OpenJDK 64-Bit Server VM (11.0.2+9-b159.30) for windows-amd64 JRE (11.0.2+9-b159.30), built on Mar 19 2019 10:32:15 by "" with MS VC++ 14.0 (VS2015)

END.
