#
# A fatal error has been detected by the Java Runtime Environment:
#
#  EXCEPTION_ACCESS_VIOLATION (0xc0000005) at pc=0x00007ff80473d184, pid=7268, tid=8608
#
# JRE version:  (11.0.2+9) (build )
# Java VM: OpenJDK 64-Bit Server VM (11.0.2+9-b159.30, mixed mode, sharing, tiered, compressed oops, g1 gc, windows-amd64)
# Problematic frame:
# V  [jvm.dll+0x23d184]
#
# No core dump will be written. Minidumps are not enabled by default on client versions of Windows
#
# If you would like to submit a bug report, please visit:
#   http://bugreport.java.com/bugreport/crash.jsp
#

---------------  S U M M A R Y ------------

Command Line: -Drebel.base=C:\Users\Admin\.jrebel -Drebel.env.ide.plugin.version=2019.1.1 -Drebel.env.ide.version=2019.1 -Drebel.env.ide.product=IU -Drebel.env.ide=intellij -Drebel.notification.url=http://localhost:17434 -agentpath:C:\Users\Admin\.IntelliJIdea2019.1\config\plugins\jr-ide-idea\lib\jrebel6\lib\jrebel64.dll -XX:TieredStopAtLevel=1 -Xverify:none -Dspring.output.ansi.enabled=always -Dcom.sun.management.jmxremote -Dspring.liveBeansView.mbeanDomain -Dspring.application.admin.enabled=true -javaagent:E:\idea\IntelliJ IDEA 2019.1\lib\idea_rt.jar=64033:E:\idea\IntelliJ IDEA 2019.1\bin -Dfile.encoding=UTF-8 com.example.bbzn.BbznApplication

Host: AMD Ryzen 5 2600 Six-Core Processor            , 12 cores, 15G,  Windows 10 , 64 bit Build 17763 (10.0.17763.437)
Time: Thu Apr 25 16:37:39 2019 ?D1ú±ê×?ê±?? elapsed time: 0 seconds (0d 0h 0m 0s)

---------------  T H R E A D  ---------------

Current thread (0x000001cc702c8000):  JavaThread "Unknown thread" [_thread_in_vm, id=8608, stack(0x00000052ef700000,0x00000052ef800000)]

Stack: [0x00000052ef700000,0x00000052ef800000],  sp=0x00000052ef7ff7e0,  free space=1021k
Native frames: (J=compiled Java code, j=interpreted, Vv=VM code, C=native code)
V  [jvm.dll+0x23d184]
V  [jvm.dll+0x6ac96d]
V  [jvm.dll+0x6ac8a3]
V  [jvm.dll+0x6ea615]
V  [jvm.dll+0x6ec1a8]
V  [jvm.dll+0x3551fb]
V  [jvm.dll+0x6d274e]
V  [jvm.dll+0x3bd953]
V  [jvm.dll+0x3bfcc1]
C  [java.exe+0x3763]
C  [java.exe+0x17a0c]
C  [KERNEL32.DLL+0x17974]
C  [ntdll.dll+0x6a271]


siginfo: EXCEPTION_ACCESS_VIOLATION (0xc0000005), reading address 0x0000000000000010


Registers:
RAX=0x0000000000000000, RBX=0x000001cc0f8900c0, RCX=0x000001cc0f8900c0, RDX=0x000001cc702c8000
RSP=0x00000052ef7ff7e0, RBP=0x00000000000003d8, RSI=0x000001cc70a7c8e0, RDI=0x000001cc702c8000
R8 =0x000000008263ab16, R9 =0x0000000000000000, R10=0x000001cc10194f38, R11=0x0000000000000246
R12=0x000001cc702c8a30, R13=0x000001cc702c8e08, R14=0x000001cc702c8a20, R15=0x0000000000000000
RIP=0x00007ff80473d184, EFLAGS=0x0000000000010202

Top of Stack: (sp=0x00000052ef7ff7e0)
0x00000052ef7ff7e0:   0000000000000000 000001cc702c8a20
0x00000052ef7ff7f0:   000001cc702c8e08 000001cc702c8a30
0x00000052ef7ff800:   0000000000000000 00007ff804bac96d
0x00000052ef7ff810:   000001cc702c8000 00000000000003d8
0x00000052ef7ff820:   000001cc702c8000 0000000000000000
0x00000052ef7ff830:   000001cc702c8000 00007ff804bac8a3
0x00000052ef7ff840:   000001cc00000002 0000000000000000
0x00000052ef7ff850:   0000000000000000 000001cc702c8000
0x00000052ef7ff860:   000001cc702c8000 00007ff804bea615
0x00000052ef7ff870:   000001cc702c6720 00000000000003d8
0x00000052ef7ff880:   000001cc70a7c8e0 000001cc6e8780b8
0x00000052ef7ff890:   00007ff804a8a370 000001cc6e8780b8
0x00000052ef7ff8a0:   000001cc6e8644a0 0000000000000001
0x00000052ef7ff8b0:   00000052ef7ffba8 00007ff804bec1a8
0x00000052ef7ff8c0:   0000000000000000 00000000000003d8
0x00000052ef7ff8d0:   0000000000000000 000001cc702c8000 

Instructions: (pc=0x00007ff80473d184)
0x00007ff80473d164:   c3 48 ff 25 34 bc 73 00 cc cc cc cc 48 89 5c 24
0x00007ff80473d174:   18 57 48 83 ec 20 48 8b 41 10 48 8b d9 48 8b fa
0x00007ff80473d184:   48 8b 48 10 48 85 c9 74 0f ff 15 0d bc 73 00 48
0x00007ff80473d194:   85 c0 0f 85 97 00 00 00 48 8b 03 48 8b cb ff 50 



---------------  P R O C E S S  ---------------

Threads class SMR info:
_java_thread_list=0x000001cc6e877bf0, length=0, elements={
}

Java Threads: ( => current thread )

Other Threads:
  0x000001cc703df800 GCTaskThread "GC Thread#0" [stack: 0x00000052ef800000,0x00000052ef900000] [id=9528]
  0x000001cc70320800 ConcurrentGCThread "G1 Main Marker" [stack: 0x00000052ef900000,0x00000052efa00000] [id=8988]
  0x000001cc70321800 ConcurrentGCThread "G1 Conc#0" [stack: 0x00000052efa00000,0x00000052efb00000] [id=6556]
  0x000001cc703ae800 ConcurrentGCThread "G1 Refine#0" [stack: 0x00000052efb00000,0x00000052efc00000] [id=8500]
  0x000001cc7043d800 ConcurrentGCThread "G1 Young RemSet Sampling" [stack: 0x00000052efc00000,0x00000052efd00000] [id=4660]

=>0x000001cc702c8000 (exited) JavaThread "Unknown thread" [_thread_in_vm, id=8608, stack(0x00000052ef700000,0x00000052ef800000)]

Threads with active compile tasks:

VM state:not at safepoint (not fully initialized)

VM Mutex/Monitor currently owned by a thread: None

Heap address: 0x0000000701000000, size: 4080 MB, Compressed Oops mode: Zero based, Oop shift amount: 3
Narrow klass base: 0x0000000800000000, Narrow klass shift: 3
Compressed class space size: 1073741824 Address: 0x0000000840000000

GC Heap History (0 events):
No events

Deoptimization events (0 events):
No events

Classes redefined (0 events):
No events

Internal exceptions (0 events):
No events

Events (0 events):
No events


Dynamic libraries:
0x00007ff7ff730000 - 0x00007ff7ff777000 	E:\idea\IntelliJ IDEA 2019.1\jre64\bin\java.exe
0x00007ff8315c0000 - 0x00007ff8317ad000 	C:\Windows\SYSTEM32\ntdll.dll
0x00007ff82eac0000 - 0x00007ff82eb73000 	C:\Windows\System32\KERNEL32.DLL
0x00007ff82d6e0000 - 0x00007ff82d973000 	C:\Windows\System32\KERNELBASE.dll
0x00007ff830a30000 - 0x00007ff830bc7000 	C:\Windows\System32\USER32.dll
0x00007ff82d980000 - 0x00007ff82d9a0000 	C:\Windows\System32\win32u.dll
0x00007ff82e7f0000 - 0x00007ff82e819000 	C:\Windows\System32\GDI32.dll
0x00007ff82de60000 - 0x00007ff82dffa000 	C:\Windows\System32\gdi32full.dll
0x00007ff82d9a0000 - 0x00007ff82da40000 	C:\Windows\System32\msvcp_win.dll
0x00007ff82db20000 - 0x00007ff82dc1a000 	C:\Windows\System32\ucrtbase.dll
0x00007ff822a50000 - 0x00007ff822cc9000 	C:\Windows\WinSxS\amd64_microsoft.windows.common-controls_6595b64144ccf1df_6.0.17763.437_none_05b63dca071e5dd6\COMCTL32.dll
0x00007ff82ec60000 - 0x00007ff82ecfe000 	C:\Windows\System32\msvcrt.dll
0x00007ff82f140000 - 0x00007ff82f46c000 	C:\Windows\System32\combase.dll
0x00007ff82e990000 - 0x00007ff82eab2000 	C:\Windows\System32\RPCRT4.dll
0x00007ff82e000000 - 0x00007ff82e07e000 	C:\Windows\System32\bcryptPrimitives.dll
0x00007ff82e900000 - 0x00007ff82e92e000 	C:\Windows\System32\IMM32.DLL
0x00007ff819890000 - 0x00007ff8198a7000 	E:\idea\IntelliJ IDEA 2019.1\jre64\bin\vcruntime140.dll
0x00007ff80b700000 - 0x00007ff80b79d000 	E:\idea\IntelliJ IDEA 2019.1\jre64\bin\msvcp140.dll
0x00007ff804500000 - 0x00007ff804fb6000 	E:\idea\IntelliJ IDEA 2019.1\jre64\bin\server\jvm.dll
0x00007ff82f090000 - 0x00007ff82f133000 	C:\Windows\System32\ADVAPI32.dll
0x00007ff831360000 - 0x00007ff8313fe000 	C:\Windows\System32\sechost.dll
0x00007ff830d40000 - 0x00007ff830d48000 	C:\Windows\System32\PSAPI.DLL
0x00007ff82b5a0000 - 0x00007ff82b5c4000 	C:\Windows\SYSTEM32\WINMM.dll
0x00007ff828b50000 - 0x00007ff828b5a000 	C:\Windows\SYSTEM32\VERSION.dll
0x00007ff81d740000 - 0x00007ff81d749000 	C:\Windows\SYSTEM32\WSOCK32.dll
0x00007ff82f020000 - 0x00007ff82f08d000 	C:\Windows\System32\WS2_32.dll
0x00007ff82b200000 - 0x00007ff82b22d000 	C:\Windows\SYSTEM32\winmmbase.dll
0x00007ff82d690000 - 0x00007ff82d6da000 	C:\Windows\System32\cfgmgr32.dll
0x00007ff82d5c0000 - 0x00007ff82d5d1000 	C:\Windows\System32\kernel.appcore.dll
0x00007ff819870000 - 0x00007ff819881000 	E:\idea\IntelliJ IDEA 2019.1\jre64\bin\verify.dll
0x00007ff80d870000 - 0x00007ff80da5d000 	C:\Windows\SYSTEM32\DBGHELP.DLL
0x00007ff82a1b0000 - 0x00007ff82a1da000 	C:\Windows\SYSTEM32\dbgcore.DLL
0x00007ff819840000 - 0x00007ff819869000 	E:\idea\IntelliJ IDEA 2019.1\jre64\bin\java.dll
0x00007ff829f70000 - 0x00007ff829fa9000 	C:\Users\Admin\.IntelliJIdea2019.1\config\plugins\jr-ide-idea\lib\jrebel6\lib\jrebel64.dll
0x00007ff82f470000 - 0x00007ff830960000 	C:\Windows\System32\SHELL32.dll
0x00007ff82ef70000 - 0x00007ff82f018000 	C:\Windows\System32\shcore.dll
0x00007ff82e080000 - 0x00007ff82e7ca000 	C:\Windows\System32\windows.storage.dll
0x00007ff82d600000 - 0x00007ff82d624000 	C:\Windows\System32\profapi.dll
0x00007ff82d630000 - 0x00007ff82d68d000 	C:\Windows\System32\powrprof.dll
0x00007ff82e930000 - 0x00007ff82e982000 	C:\Windows\System32\shlwapi.dll
0x00007ff82e7d0000 - 0x00007ff82e7e7000 	C:\Windows\System32\cryptsp.dll
0x00007ff82cf80000 - 0x00007ff82cf8c000 	C:\Windows\SYSTEM32\CRYPTBASE.DLL
0x00007ff80b260000 - 0x00007ff80b294000 	E:\idea\IntelliJ IDEA 2019.1\jre64\bin\instrument.dll
0x00007ff819820000 - 0x00007ff819837000 	E:\idea\IntelliJ IDEA 2019.1\jre64\bin\zip.dll
0x00007ff81a580000 - 0x00007ff81a58b000 	E:\idea\IntelliJ IDEA 2019.1\jre64\bin\jimage.dll

dbghelp: loaded successfully - version: 4.0.5 - missing functions: none
symbol engine: initialized successfully - sym options: 0x614 - pdb path: .;E:\idea\IntelliJ IDEA 2019.1\jre64\bin;C:\Windows\SYSTEM32;C:\Windows\WinSxS\amd64_microsoft.windows.common-controls_6595b64144ccf1df_6.0.17763.437_none_05b63dca071e5dd6;E:\idea\IntelliJ IDEA 2019.1\jre64\bin\server;C:\Users\Admin\.IntelliJIdea2019.1\config\plugins\jr-ide-idea\lib\jrebel6\lib

VM Arguments:
jvm_args: -Drebel.base=C:\Users\Admin\.jrebel -Drebel.env.ide.plugin.version=2019.1.1 -Drebel.env.ide.version=2019.1 -Drebel.env.ide.product=IU -Drebel.env.ide=intellij -Drebel.notification.url=http://localhost:17434 -agentpath:C:\Users\Admin\.IntelliJIdea2019.1\config\plugins\jr-ide-idea\lib\jrebel6\lib\jrebel64.dll -XX:TieredStopAtLevel=1 -Xverify:none -Dspring.output.ansi.enabled=always -Dcom.sun.management.jmxremote -Dspring.liveBeansView.mbeanDomain -Dspring.application.admin.enabled=true -javaagent:E:\idea\IntelliJ IDEA 2019.1\lib\idea_rt.jar=64033:E:\idea\IntelliJ IDEA 2019.1\bin -Dfile.encoding=UTF-8 
java_command: com.example.bbzn.BbznApplication
java_class_path (initial): E:\bbzn\target\classes;C:\Users\Admin\.m2\repository\org\apache\poi\poi\3.17\poi-3.17.jar;C:\Users\Admin\.m2\repository\commons-codec\commons-codec\1.10\commons-codec-1.10.jar;C:\Users\Admin\.m2\repository\org\apache\commons\commons-collections4\4.1\commons-collections4-4.1.jar;C:\Users\Admin\.m2\repository\org\springframework\boot\spring-boot-starter-web\1.5.19.RELEASE\spring-boot-starter-web-1.5.19.RELEASE.jar;C:\Users\Admin\.m2\repository\org\springframework\boot\spring-boot-starter\1.5.19.RELEASE\spring-boot-starter-1.5.19.RELEASE.jar;C:\Users\Admin\.m2\repository\org\springframework\boot\spring-boot\1.5.19.RELEASE\spring-boot-1.5.19.RELEASE.jar;C:\Users\Admin\.m2\repository\org\springframework\boot\spring-boot-autoconfigure\1.5.19.RELEASE\spring-boot-autoconfigure-1.5.19.RELEASE.jar;C:\Users\Admin\.m2\repository\org\springframework\boot\spring-boot-starter-logging\1.5.19.RELEASE\spring-boot-starter-logging-1.5.19.RELEASE.jar;C:\Users\Admin\.m2\repository\ch\qos\logback\logback-classic\1.1.11\logback-classic-1.1.11.jar;C:\Users\Admin\.m2\repository\ch\qos\logback\logback-core\1.1.11\logback-core-1.1.11.jar;C:\Users\Admin\.m2\repository\org\slf4j\jcl-over-slf4j\1.7.25\jcl-over-slf4j-1.7.25.jar;C:\Users\Admin\.m2\repository\org\slf4j\jul-to-slf4j\1.7.25\jul-to-slf4j-1.7.25.jar;C:\Users\Admin\.m2\repository\org\slf4j\log4j-over-slf4j\1.7.25\log4j-over-slf4j-1.7.25.jar;C:\Users\Admin\.m2\repository\org\yaml\snakeyaml\1.17\snakeyaml-1.17.jar;C:\Users\Admin\.m2\repository\org\hibernate\hibernate-validator\5.3.6.Final\hibernate-validator-5.3.6.Final.jar;C:\Users\Admin\.m2\repository\javax\validation\validation-api\1.1.0.Final\validation-api-1.1.0.Final.jar;C:\Users\Admin\.m2\repository\org\jboss\logging\jboss-logging\3.3.2.Final\jboss-logging-3.3.2.Final.jar;C:\Users\Admin\.m2\repository\com\fasterxml\classmate\1.3.4\classmate-1.3.4.jar;C:\Users\Admin\.m2\repository\com\fasterxml\jackson\core\jackson-databind\2.8.11.3\jackson-databind-2.8.1
Launcher Type: SUN_STANDARD

[Global flags]
     bool BytecodeVerificationLocal                = false                                     {product} {command line}
     bool BytecodeVerificationRemote               = false                                     {product} {command line}
     intx CICompilerCount                          = 4                                         {product} {ergonomic}
     uint ConcGCThreads                            = 3                                         {product} {ergonomic}
     uint G1ConcRefinementThreads                  = 10                                        {product} {ergonomic}
   size_t G1HeapRegionSize                         = 1048576                                   {product} {ergonomic}
    uintx GCDrainStackTargetSize                   = 64                                        {product} {ergonomic}
   size_t InitialHeapSize                          = 268435456                                 {product} {ergonomic}
     bool ManagementServer                         = true                                      {product} {command line}
   size_t MarkStackSize                            = 4194304                                   {product} {ergonomic}
   size_t MaxHeapSize                              = 4278190080                                {product} {ergonomic}
   size_t MaxNewSize                               = 2566914048                                {product} {ergonomic}
   size_t MinHeapDeltaBytes                        = 1048576                                   {product} {ergonomic}
    uintx NonNMethodCodeHeapSize                   = 7549744                                {pd product} {ergonomic}
    uintx NonProfiledCodeHeapSize                  = 244108496                              {pd product} {ergonomic}
    uintx ProfiledCodeHeapSize                     = 0                                      {pd product} {ergonomic}
    uintx ReservedCodeCacheSize                    = 251658240                              {pd product} {ergonomic}
     bool SegmentedCodeCache                       = true                                      {product} {ergonomic}
     intx TieredStopAtLevel                        = 1                                         {product} {command line}
     bool UseCompressedClassPointers               = true                                 {lp64_product} {ergonomic}
     bool UseCompressedOops                        = true                                 {lp64_product} {ergonomic}
     bool UseG1GC                                  = true                                      {product} {ergonomic}
     bool UseLargePagesIndividualAllocation        = false                                  {pd product} {ergonomic}

Logging:
Log output configuration:
 #0: stdout all=warning uptime,level,tags
 #1: stderr all=off uptime,level,tags

Environment Variables:
PATH=C:\Program Files (x86)\Common Files\Oracle\Java\javapath;C:\Windows\system32;C:\Windows;C:\Windows\System32\Wbem;C:\Windows\System32\WindowsPowerShell\v1.0\;C:\Windows\System32\OpenSSH\;C:\Program Files\NVIDIA Corporation\NVIDIA NvDLISR;E:\GIT\Git\cmd;C:\Users\Admin\AppData\Local\Microsoft\WindowsApps;;E:\SSH(不是项目)
USERNAME=Admin
OS=Windows_NT
PROCESSOR_IDENTIFIER=AMD64 Family 23 Model 8 Stepping 2, AuthenticAMD



---------------  S Y S T E M  ---------------

OS: Windows 10 , 64 bit Build 17763 (10.0.17763.437)

CPU:total 12 (initial active 12) (12 cores per cpu, 2 threads per core) family 23 model 8 stepping 2, cmov, cx8, fxsr, mmx, sse, sse2, sse3, ssse3, sse4.1, sse4.2, popcnt, avx, avx2, aes, clmul, mmxext, 3dnowpref, lzcnt, sse4a, ht, tsc, tscinvbit, tscinv, bmi1, bmi2, adx, sha, fma

Memory: 4k page, system-wide physical 16313M (10846M free)
TotalPageFile size 17337M (AvailPageFile size 9313M)
current process WorkingSet (physical memory assigned to process): 25M, peak: 25M
current process commit charge ("private bytes"): 350M, peak: 350M

vm_info: OpenJDK 64-Bit Server VM (11.0.2+9-b159.30) for windows-amd64 JRE (11.0.2+9-b159.30), built on Mar 19 2019 10:32:15 by "" with MS VC++ 14.0 (VS2015)

END.
