#
# A fatal error has been detected by the Java Runtime Environment:
#
#  EXCEPTION_ACCESS_VIOLATION (0xc0000005) at pc=0x000000006a4d7800, pid=5072, tid=0x0000000000002e68
#
# JRE version: Java(TM) SE Runtime Environment (8.0_201-b09) (build 1.8.0_201-b09)
# Java VM: Java HotSpot(TM) 64-Bit Server VM (25.201-b09 mixed mode windows-amd64 compressed oops)
# Problematic frame:
# V  [jvm.dll+0xb7800]
#
# Failed to write core dump. Minidumps are not enabled by default on client versions of Windows
#
# If you would like to submit a bug report, please visit:
#   http://bugreport.java.com/bugreport/crash.jsp
#

---------------  T H R E A D  ---------------

Current thread (0x00000000221e3000):  JavaThread "http-nio-8080-exec-1" daemon [_thread_in_vm, id=11880, stack(0x0000000023ec0000,0x0000000023fc0000)]

siginfo: ExceptionCode=0xc0000005, writing address 0x0000000213835876

Registers:
RAX=0x0000000000000000, RBX=0x00000000000000c0, RCX=0x000000006a4d7800, RDX=0x000000006a420000
RSP=0x0000000023fbbc78, RBP=0x0000000001530028, RSI=0x0000000022fd54a0, RDI=0x00000000000000b2
R8 =0x0000000003700000, R9 =0x0000000000000006, R10=0x0000000001530028, R11=0x0000000023fbbc80
R12=0x00000000221e3000, R13=0x0000000000000000, R14=0x0000000000000006, R15=0x00000000221e3000
RIP=0x000000006a4d7800, EFLAGS=0x0000000000010206

Top of Stack: (sp=0x0000000023fbbc78)
0x0000000023fbbc78:   000000006a4d9c45 0000000000000006
0x0000000023fbbc88:   0000000000000006 0000000000000000
0x0000000023fbbc98:   00000000221e3000 00000006c1e8c800
0x0000000023fbbca8:   000000006a4dae6d 00000000221ce630
0x0000000023fbbcb8:   00000000000000b2 0000000001530028
0x0000000023fbbcc8:   00000000000000b2 00000000221e3000
0x0000000023fbbcd8:   000000000000007c 0000000000000008
0x0000000023fbbce8:   000000000153dc00 0000000000000000
0x0000000023fbbcf8:   00000007c046a180 0000000001530028
0x0000000023fbbd08:   00000000221e3000 0000000001530028
0x0000000023fbbd18:   00000000221e3000 0000000900000009
0x0000000023fbbd28:   0000000001530028 00000000221e3000
0x0000000023fbbd38:   00000000221e3000 0000000023fbbe18
0x0000000023fbbd48:   00000000221e3000 0000000023fbbe18
0x0000000023fbbd58:   000000000153dc93 0000000000000000
0x0000000023fbbd68:   00000006c1e8c840 000000076b214ad0 

Instructions: (pc=0x000000006a4d7800)
0x000000006a4d77e0:   24 00 74 15 48 8b 54 24 28 48 8b ce e8 7f 72 01
0x000000006a4d77f0:   00 49 8b cc e8 77 6f 01 00 4c 89 66 10 4c 89 6e
0x000000006a4d7800:   18 4c 89 76 20 8b b4 24 28 01 00 00 eb 08 44 8b
0x000000006a4d7810:   bc b5 50 01 80 00 4c 8b b4 24 e0 00 00 00 4c 8b 


Register to memory mapping:

RAX=0x0000000000000000 is an unknown value
RBX=0x00000000000000c0 is an unknown value
RCX=0x000000006a4d7800 is an unknown value
RDX=0x000000006a420000 is an unknown value
RSP=0x0000000023fbbc78 is pointing into the stack for thread: 0x00000000221e3000
RBP=0x0000000001530028 is pointing into metadata
RSI=0x0000000022fd54a0 is pointing into metadata
RDI=0x00000000000000b2 is an unknown value
R8 =0x0000000003700000 is an unknown value
R9 =0x0000000000000006 is an unknown value
R10=0x0000000001530028 is pointing into metadata
R11=0x0000000023fbbc80 is pointing into the stack for thread: 0x00000000221e3000
R12=0x00000000221e3000 is a thread
R13=0x0000000000000000 is an unknown value
R14=0x0000000000000006 is an unknown value
R15=0x00000000221e3000 is a thread


Stack: [0x0000000023ec0000,0x0000000023fc0000],  sp=0x0000000023fbbc78,  free space=1007k
Native frames: (J=compiled Java code, j=interpreted, Vv=VM code, C=native code)
V  [jvm.dll+0xb7800]

Java frames: (J=compiled Java code, j=interpreted, Vv=VM code)
j  org.eclipse.jdt.internal.compiler.parser.Parser.initTables()V+75
j  org.eclipse.jdt.internal.compiler.parser.Parser.<clinit>()V+128
v  ~StubRoutines::call_stub
j  org.eclipse.jdt.internal.compiler.Compiler.initializeParser()V+1
j  org.eclipse.jdt.internal.compiler.Compiler.<init>(Lorg/eclipse/jdt/internal/compiler/env/INameEnvironment;Lorg/eclipse/jdt/internal/compiler/IErrorHandlingPolicy;Lorg/eclipse/jdt/internal/compiler/impl/CompilerOptions;Lorg/eclipse/jdt/internal/compiler/ICompilerRequestor;Lorg/eclipse/jdt/internal/compiler/IProblemFactory;Ljava/io/PrintWriter;Lorg/eclipse/jdt/core/compiler/CompilationProgress;)V+140
j  org.eclipse.jdt.internal.compiler.Compiler.<init>(Lorg/eclipse/jdt/internal/compiler/env/INameEnvironment;Lorg/eclipse/jdt/internal/compiler/IErrorHandlingPolicy;Lorg/eclipse/jdt/internal/compiler/impl/CompilerOptions;Lorg/eclipse/jdt/internal/compiler/ICompilerRequestor;Lorg/eclipse/jdt/internal/compiler/IProblemFactory;)V+10
j  org.apache.jasper.compiler.JDTCompiler.generateClass(Ljava/util/Map;)V+1174
j  org.apache.jasper.compiler.Compiler.compile(ZZ)V+97
j  org.apache.jasper.compiler.Compiler.compile(Z)V+3
j  org.apache.jasper.compiler.Compiler.compile()V+2
j  org.apache.jasper.JspCompilationContext.compile()V+50
j  org.apache.jasper.servlet.JspServletWrapper.service(Ljavax/servlet/http/HttpServletRequest;Ljavax/servlet/http/HttpServletResponse;Z)V+118
j  org.apache.jasper.servlet.JspServlet.serviceJspFile(Ljavax/servlet/http/HttpServletRequest;Ljavax/servlet/http/HttpServletResponse;Ljava/lang/String;Z)V+112
j  org.apache.jasper.servlet.JspServlet.service(Ljavax/servlet/http/HttpServletRequest;Ljavax/servlet/http/HttpServletResponse;)V+328
j  javax.servlet.http.HttpServlet.service(Ljavax/servlet/ServletRequest;Ljavax/servlet/ServletResponse;)V+30
j  org.apache.catalina.core.ApplicationFilterChain.internalDoFilter(Ljavax/servlet/ServletRequest;Ljavax/servlet/ServletResponse;)V+304
j  org.apache.catalina.core.ApplicationFilterChain.doFilter(Ljavax/servlet/ServletRequest;Ljavax/servlet/ServletResponse;)V+101
j  org.apache.tomcat.websocket.server.WsFilter.doFilter(Ljavax/servlet/ServletRequest;Ljavax/servlet/ServletResponse;Ljavax/servlet/FilterChain;)V+21
j  org.apache.catalina.core.ApplicationFilterChain.internalDoFilter(Ljavax/servlet/ServletRequest;Ljavax/servlet/ServletResponse;)V+135
j  org.apache.catalina.core.ApplicationFilterChain.doFilter(Ljavax/servlet/ServletRequest;Ljavax/servlet/ServletResponse;)V+101
j  org.springframework.web.filter.OncePerRequestFilter.doFilter(Ljavax/servlet/ServletRequest;Ljavax/servlet/ServletResponse;Ljavax/servlet/FilterChain;)V+86
j  org.apache.catalina.core.ApplicationFilterChain.internalDoFilter(Ljavax/servlet/ServletRequest;Ljavax/servlet/ServletResponse;)V+135
j  org.apache.catalina.core.ApplicationFilterChain.doFilter(Ljavax/servlet/ServletRequest;Ljavax/servlet/ServletResponse;)V+101
j  org.springframework.web.filter.OncePerRequestFilter.doFilter(Ljavax/servlet/ServletRequest;Ljavax/servlet/ServletResponse;Ljavax/servlet/FilterChain;)V+86
j  org.apache.catalina.core.ApplicationFilterChain.internalDoFilter(Ljavax/servlet/ServletRequest;Ljavax/servlet/ServletResponse;)V+135
j  org.apache.catalina.core.ApplicationFilterChain.doFilter(Ljavax/servlet/ServletRequest;Ljavax/servlet/ServletResponse;)V+101
j  org.springframework.web.filter.OncePerRequestFilter.doFilter(Ljavax/servlet/ServletRequest;Ljavax/servlet/ServletResponse;Ljavax/servlet/FilterChain;)V+86
j  org.apache.catalina.core.ApplicationFilterChain.internalDoFilter(Ljavax/servlet/ServletRequest;Ljavax/servlet/ServletResponse;)V+135
j  org.apache.catalina.core.ApplicationFilterChain.doFilter(Ljavax/servlet/ServletRequest;Ljavax/servlet/ServletResponse;)V+101
j  org.springframework.web.filter.OncePerRequestFilter.doFilter(Ljavax/servlet/ServletRequest;Ljavax/servlet/ServletResponse;Ljavax/servlet/FilterChain;)V+86
j  org.apache.catalina.core.ApplicationFilterChain.internalDoFilter(Ljavax/servlet/ServletRequest;Ljavax/servlet/ServletResponse;)V+135
j  org.apache.catalina.core.ApplicationFilterChain.doFilter(Ljavax/servlet/ServletRequest;Ljavax/servlet/ServletResponse;)V+101
j  org.apache.catalina.core.ApplicationDispatcher.invoke(Ljavax/servlet/ServletRequest;Ljavax/servlet/ServletResponse;Lorg/apache/catalina/core/ApplicationDispatcher$State;)V+341
j  org.apache.catalina.core.ApplicationDispatcher.processRequest(Ljavax/servlet/ServletRequest;Ljavax/servlet/ServletResponse;Lorg/apache/catalina/core/ApplicationDispatcher$State;)V+98
j  org.apache.catalina.core.ApplicationDispatcher.doForward(Ljavax/servlet/ServletRequest;Ljavax/servlet/ServletResponse;)V+388
j  org.apache.catalina.core.ApplicationDispatcher.forward(Ljavax/servlet/ServletRequest;Ljavax/servlet/ServletResponse;)V+55
j  org.springframework.web.servlet.view.InternalResourceView.renderMergedOutputModel(Ljava/util/Map;Ljavax/servlet/http/HttpServletRequest;Ljavax/servlet/http/HttpServletResponse;)V+223
j  org.springframework.web.servlet.view.AbstractView.render(Ljava/util/Map;Ljavax/servlet/http/HttpServletRequest;Ljavax/servlet/http/HttpServletResponse;)V+88
j  org.springframework.web.servlet.DispatcherServlet.render(Lorg/springframework/web/servlet/ModelAndView;Ljavax/servlet/http/HttpServletRequest;Ljavax/servlet/http/HttpServletResponse;)V+237
j  org.springframework.web.servlet.DispatcherServlet.processDispatchResult(Ljavax/servlet/http/HttpServletRequest;Ljavax/servlet/http/HttpServletResponse;Lorg/springframework/web/servlet/HandlerExecutionChain;Lorg/springframework/web/servlet/ModelAndView;Ljava/lang/Exception;)V+98
j  org.springframework.web.servlet.DispatcherServlet.doDispatch(Ljavax/servlet/http/HttpServletRequest;Ljavax/servlet/http/HttpServletResponse;)V+419
j  org.springframework.web.servlet.DispatcherServlet.doService(Ljavax/servlet/http/HttpServletRequest;Ljavax/servlet/http/HttpServletResponse;)V+301
j  org.springframework.web.servlet.FrameworkServlet.processRequest(Ljavax/servlet/http/HttpServletRequest;Ljavax/servlet/http/HttpServletResponse;)V+71
j  org.springframework.web.servlet.FrameworkServlet.doGet(Ljavax/servlet/http/HttpServletRequest;Ljavax/servlet/http/HttpServletResponse;)V+3
j  javax.servlet.http.HttpServlet.service(Ljavax/servlet/http/HttpServletRequest;Ljavax/servlet/http/HttpServletResponse;)V+35
j  org.springframework.web.servlet.FrameworkServlet.service(Ljavax/servlet/http/HttpServletRequest;Ljavax/servlet/http/HttpServletResponse;)V+33
j  javax.servlet.http.HttpServlet.service(Ljavax/servlet/ServletRequest;Ljavax/servlet/ServletResponse;)V+30
j  org.apache.catalina.core.ApplicationFilterChain.internalDoFilter(Ljavax/servlet/ServletRequest;Ljavax/servlet/ServletResponse;)V+304
j  org.apache.catalina.core.ApplicationFilterChain.doFilter(Ljavax/servlet/ServletRequest;Ljavax/servlet/ServletResponse;)V+101
j  org.apache.tomcat.websocket.server.WsFilter.doFilter(Ljavax/servlet/ServletRequest;Ljavax/servlet/ServletResponse;Ljavax/servlet/FilterChain;)V+21
j  org.apache.catalina.core.ApplicationFilterChain.internalDoFilter(Ljavax/servlet/ServletRequest;Ljavax/servlet/ServletResponse;)V+135
j  org.apache.catalina.core.ApplicationFilterChain.doFilter(Ljavax/servlet/ServletRequest;Ljavax/servlet/ServletResponse;)V+101
j  org.springframework.web.filter.RequestContextFilter.doFilterInternal(Ljavax/servlet/http/HttpServletRequest;Ljavax/servlet/http/HttpServletResponse;Ljavax/servlet/FilterChain;)V+21
j  org.springframework.web.filter.OncePerRequestFilter.doFilter(Ljavax/servlet/ServletRequest;Ljavax/servlet/ServletResponse;Ljavax/servlet/FilterChain;)V+111
j  org.apache.catalina.core.ApplicationFilterChain.internalDoFilter(Ljavax/servlet/ServletRequest;Ljavax/servlet/ServletResponse;)V+135
j  org.apache.catalina.core.ApplicationFilterChain.doFilter(Ljavax/servlet/ServletRequest;Ljavax/servlet/ServletResponse;)V+101
j  org.springframework.web.filter.HttpPutFormContentFilter.doFilterInternal(Ljavax/servlet/http/HttpServletRequest;Ljavax/servlet/http/HttpServletResponse;Ljavax/servlet/FilterChain;)V+95
j  org.springframework.web.filter.OncePerRequestFilter.doFilter(Ljavax/servlet/ServletRequest;Ljavax/servlet/ServletResponse;Ljavax/servlet/FilterChain;)V+111
j  org.apache.catalina.core.ApplicationFilterChain.internalDoFilter(Ljavax/servlet/ServletRequest;Ljavax/servlet/ServletResponse;)V+135
j  org.apache.catalina.core.ApplicationFilterChain.doFilter(Ljavax/servlet/ServletRequest;Ljavax/servlet/ServletResponse;)V+101
j  org.springframework.web.filter.HiddenHttpMethodFilter.doFilterInternal(Ljavax/servlet/http/HttpServletRequest;Ljavax/servlet/http/HttpServletResponse;Ljavax/servlet/FilterChain;)V+87
j  org.springframework.web.filter.OncePerRequestFilter.doFilter(Ljavax/servlet/ServletRequest;Ljavax/servlet/ServletResponse;Ljavax/servlet/FilterChain;)V+111
j  org.apache.catalina.core.ApplicationFilterChain.internalDoFilter(Ljavax/servlet/ServletRequest;Ljavax/servlet/ServletResponse;)V+135
j  org.apache.catalina.core.ApplicationFilterChain.doFilter(Ljavax/servlet/ServletRequest;Ljavax/servlet/ServletResponse;)V+101
j  org.springframework.web.filter.CharacterEncodingFilter.doFilterInternal(Ljavax/servlet/http/HttpServletRequest;Ljavax/servlet/http/HttpServletResponse;Ljavax/servlet/FilterChain;)V+53
j  org.springframework.web.filter.OncePerRequestFilter.doFilter(Ljavax/servlet/ServletRequest;Ljavax/servlet/ServletResponse;Ljavax/servlet/FilterChain;)V+111
j  org.apache.catalina.core.ApplicationFilterChain.internalDoFilter(Ljavax/servlet/ServletRequest;Ljavax/servlet/ServletResponse;)V+135
j  org.apache.catalina.core.ApplicationFilterChain.doFilter(Ljavax/servlet/ServletRequest;Ljavax/servlet/ServletResponse;)V+101
j  org.apache.catalina.core.StandardWrapperValve.invoke(Lorg/apache/catalina/connector/Request;Lorg/apache/catalina/connector/Response;)V+688
j  org.apache.catalina.core.StandardContextValve.invoke(Lorg/apache/catalina/connector/Request;Lorg/apache/catalina/connector/Response;)V+166
j  org.apache.catalina.authenticator.AuthenticatorBase.invoke(Lorg/apache/catalina/connector/Request;Lorg/apache/catalina/connector/Response;)V+260
j  org.apache.catalina.core.StandardHostValve.invoke(Lorg/apache/catalina/connector/Request;Lorg/apache/catalina/connector/Response;)V+138
j  org.apache.catalina.valves.ErrorReportValve.invoke(Lorg/apache/catalina/connector/Request;Lorg/apache/catalina/connector/Response;)V+6
j  org.apache.catalina.core.StandardEngineValve.invoke(Lorg/apache/catalina/connector/Request;Lorg/apache/catalina/connector/Response;)V+71
j  org.apache.catalina.connector.CoyoteAdapter.service(Lorg/apache/coyote/Request;Lorg/apache/coyote/Response;)V+199
j  org.apache.coyote.http11.Http11Processor.service(Lorg/apache/tomcat/util/net/SocketWrapperBase;)Lorg/apache/tomcat/util/net/AbstractEndpoint$Handler$SocketState;+806
j  org.apache.coyote.AbstractProcessorLight.process(Lorg/apache/tomcat/util/net/SocketWrapperBase;Lorg/apache/tomcat/util/net/SocketEvent;)Lorg/apache/tomcat/util/net/AbstractEndpoint$Handler$SocketState;+113
j  org.apache.coyote.AbstractProtocol$ConnectionHandler.process(Lorg/apache/tomcat/util/net/SocketWrapperBase;Lorg/apache/tomcat/util/net/SocketEvent;)Lorg/apache/tomcat/util/net/AbstractEndpoint$Handler$SocketState;+414
j  org.apache.tomcat.util.net.NioEndpoint$SocketProcessor.doRun()V+191
j  org.apache.tomcat.util.net.SocketProcessorBase.run()V+21
j  java.util.concurrent.ThreadPoolExecutor.runWorker(Ljava/util/concurrent/ThreadPoolExecutor$Worker;)V+95
j  java.util.concurrent.ThreadPoolExecutor$Worker.run()V+5
j  org.apache.tomcat.util.threads.TaskThread$WrappingRunnable.run()V+4
j  java.lang.Thread.run()V+11
v  ~StubRoutines::call_stub

---------------  P R O C E S S  ---------------

Java Threads: ( => current thread )
  0x00000000221fc800 JavaThread "DestroyJavaVM" [_thread_blocked, id=7448, stack(0x0000000003310000,0x0000000003410000)]
  0x00000000221f9800 JavaThread "http-nio-8080-AsyncTimeout" daemon [_thread_blocked, id=11952, stack(0x0000000024bc0000,0x0000000024cc0000)]
  0x00000000221f8800 JavaThread "http-nio-8080-Acceptor-0" daemon [_thread_in_native, id=11924, stack(0x0000000024ac0000,0x0000000024bc0000)]
  0x00000000221e8800 JavaThread "http-nio-8080-ClientPoller-1" daemon [_thread_in_native, id=11948, stack(0x00000000249c0000,0x0000000024ac0000)]
  0x00000000221e7800 JavaThread "http-nio-8080-ClientPoller-0" daemon [_thread_in_native, id=11684, stack(0x00000000248c0000,0x00000000249c0000)]
  0x00000000221e5800 JavaThread "http-nio-8080-exec-10" daemon [_thread_blocked, id=11936, stack(0x00000000247c0000,0x00000000248c0000)]
  0x00000000221e4800 JavaThread "http-nio-8080-exec-9" daemon [_thread_blocked, id=9944, stack(0x00000000246c0000,0x00000000247c0000)]
  0x00000000221e6000 JavaThread "http-nio-8080-exec-8" daemon [_thread_blocked, id=11284, stack(0x00000000245c0000,0x00000000246c0000)]
  0x00000000221eb800 JavaThread "http-nio-8080-exec-7" daemon [_thread_blocked, id=11544, stack(0x00000000244c0000,0x00000000245c0000)]
  0x00000000221e7000 JavaThread "http-nio-8080-exec-6" daemon [_thread_blocked, id=2856, stack(0x00000000243c0000,0x00000000244c0000)]
  0x00000000221ea800 JavaThread "http-nio-8080-exec-5" daemon [_thread_blocked, id=1424, stack(0x00000000242c0000,0x00000000243c0000)]
  0x00000000221ea000 JavaThread "http-nio-8080-exec-4" daemon [_thread_blocked, id=2264, stack(0x00000000241c0000,0x00000000242c0000)]
  0x00000000221e9000 JavaThread "http-nio-8080-exec-3" daemon [_thread_blocked, id=11560, stack(0x00000000240c0000,0x00000000241c0000)]
  0x00000000221e4000 JavaThread "http-nio-8080-exec-2" daemon [_thread_blocked, id=11456, stack(0x0000000023fc0000,0x00000000240c0000)]
=>0x00000000221e3000 JavaThread "http-nio-8080-exec-1" daemon [_thread_in_vm, id=11880, stack(0x0000000023ec0000,0x0000000023fc0000)]
  0x00000000221e2800 JavaThread "NioBlockingSelector.BlockPoller-1" daemon [_thread_in_native, id=11168, stack(0x0000000023dc0000,0x0000000023ec0000)]
  0x00000000220e3000 JavaThread "RMI Scheduler(0)" daemon [_thread_blocked, id=7992, stack(0x0000000023bc0000,0x0000000023cc0000)]
  0x0000000021fce800 JavaThread "container-0" [_thread_blocked, id=11656, stack(0x00000000237c0000,0x00000000238c0000)]
  0x0000000021fbd800 JavaThread "ContainerBackgroundProcessor[StandardEngine[Tomcat]]" daemon [_thread_blocked, id=11520, stack(0x00000000236c0000,0x00000000237c0000)]
  0x0000000020789800 JavaThread "RMI TCP Accept-0" daemon [_thread_in_native, id=9476, stack(0x0000000020e40000,0x0000000020f40000)]
  0x0000000020569800 JavaThread "Service Thread" daemon [_thread_blocked, id=11964, stack(0x0000000020d40000,0x0000000020e40000)]
  0x000000001ed9f000 JavaThread "C1 CompilerThread3" daemon [_thread_blocked, id=4856, stack(0x0000000020440000,0x0000000020540000)]
  0x000000001ed6d000 JavaThread "C2 CompilerThread2" daemon [_thread_blocked, id=7940, stack(0x0000000020340000,0x0000000020440000)]
  0x000000001ed6a000 JavaThread "C2 CompilerThread1" daemon [_thread_blocked, id=8364, stack(0x0000000020240000,0x0000000020340000)]
  0x000000001ed67800 JavaThread "C2 CompilerThread0" daemon [_thread_blocked, id=11568, stack(0x0000000020140000,0x0000000020240000)]
  0x000000001ed54000 JavaThread "Monitor Ctrl-Break" daemon [_thread_in_native, id=3780, stack(0x0000000020040000,0x0000000020140000)]
  0x000000001ea97000 JavaThread "Attach Listener" daemon [_thread_blocked, id=8344, stack(0x000000001ff40000,0x0000000020040000)]
  0x000000001ea96000 JavaThread "Signal Dispatcher" daemon [_thread_blocked, id=3980, stack(0x000000001fe40000,0x000000001ff40000)]
  0x000000001d3b2000 JavaThread "Finalizer" daemon [_thread_blocked, id=6464, stack(0x000000001fce0000,0x000000001fde0000)]
  0x00000000036fe000 JavaThread "Reference Handler" daemon [_thread_blocked, id=1756, stack(0x000000001fbe0000,0x000000001fce0000)]

Other Threads:
  0x000000001ea52800 VMThread [stack: 0x000000001fae0000,0x000000001fbe0000] [id=6236]
  0x0000000020792800 WatcherThread [stack: 0x0000000020f40000,0x0000000021040000] [id=1548]

VM state:not at safepoint (normal execution)

VM Mutex/Monitor currently owned by a thread: None

heap address: 0x00000006c1400000, size: 4076 MB, Compressed Oops mode: Zero based, Oop shift amount: 3
Narrow klass base: 0x0000000000000000, Narrow klass shift: 3
Compressed class space size: 1073741824 Address: 0x00000007c0000000

Heap:
 PSYoungGen      total 157184K, used 946K [0x000000076b180000, 0x000000077a280000, 0x00000007c0000000)
  eden space 142848K, 0% used [0x000000076b180000,0x000000076b26c8f8,0x0000000773d00000)
  from space 14336K, 0% used [0x0000000773d00000,0x0000000773d00000,0x0000000774b00000)
  to   space 15872K, 0% used [0x0000000779300000,0x0000000779300000,0x000000077a280000)
 ParOldGen       total 153600K, used 20897K [0x00000006c1400000, 0x00000006caa00000, 0x000000076b180000)
  object space 153600K, 13% used [0x00000006c1400000,0x00000006c28687d8,0x00000006caa00000)
 Metaspace       used 34823K, capacity 35390K, committed 35672K, reserved 1081344K
  class space    used 4404K, capacity 4535K, committed 4608K, reserved 1048576K

Card table byte_map: [0x0000000012ac0000,0x00000000132c0000] byte_map_base: 0x000000000f4b6000

Marking Bits: (ParMarkBitMap*) 0x000000006ac44ce0
 Begin Bits: [0x0000000014210000, 0x00000000181c0000)
 End Bits:   [0x00000000181c0000, 0x000000001c170000)

Polling page: 0x0000000001240000

CodeCache: size=245760Kb used=8079Kb max_used=8079Kb free=237680Kb
 bounds [0x0000000003700000, 0x0000000003ef0000, 0x0000000012700000]
 total_blobs=4097 nmethods=3655 adapters=354
 compilation: enabled

Compilation events (10 events):
Event: 220.303 Thread 0x000000001ed9f000 3650       1       java.util.PropertyResourceBundle::handleGetObject (23 bytes)
Event: 220.303 Thread 0x000000001ed9f000 nmethod 3650 0x0000000003ee17d0 code [0x0000000003ee1940, 0x0000000003ee1b18]
Event: 220.303 Thread 0x000000001ed9f000 3651       1       sun.util.ResourceBundleEnumeration::nextElement (5 bytes)
Event: 220.303 Thread 0x000000001ed9f000 nmethod 3651 0x0000000003ee1bd0 code [0x0000000003ee1d40, 0x0000000003ee1ef8]
Event: 220.303 Thread 0x000000001ed9f000 3652       1       sun.util.ResourceBundleEnumeration::nextElement (27 bytes)
Event: 220.303 Thread 0x000000001ed9f000 nmethod 3652 0x0000000003ee2010 code [0x0000000003ee2180, 0x0000000003ee2338]
Event: 220.303 Thread 0x000000001ed9f000 3653       1       org.eclipse.jdt.internal.compiler.problem.DefaultProblemFactory::keyFromID (4 bytes)
Event: 220.303 Thread 0x000000001ed9f000 nmethod 3653 0x0000000003ee2410 code [0x0000000003ee2560, 0x0000000003ee2650]
Event: 220.371 Thread 0x000000001ed9f000 3655       1       java.io.BufferedInputStream::<init> (32 bytes)
Event: 220.371 Thread 0x000000001ed9f000 nmethod 3655 0x0000000003ee3a10 code [0x0000000003ee3b80, 0x0000000003ee3e08]

GC Heap History (10 events):
Event: 1.409 GC heap before
{Heap before GC invocations=5 (full 1):
 PSYoungGen      total 76288K, used 65536K [0x000000076b180000, 0x0000000774680000, 0x00000007c0000000)
  eden space 65536K, 100% used [0x000000076b180000,0x000000076f180000,0x000000076f180000)
  from space 10752K, 0% used [0x000000076f180000,0x000000076f180000,0x000000076fc00000)
  to   space 10752K, 0% used [0x0000000773c00000,0x0000000773c00000,0x0000000774680000)
 ParOldGen       total 108032K, used 9240K [0x00000006c1400000, 0x00000006c7d80000, 0x000000076b180000)
  object space 108032K, 8% used [0x00000006c1400000,0x00000006c1d06080,0x00000006c7d80000)
 Metaspace       used 24884K, capacity 25274K, committed 25600K, reserved 1071104K
  class space    used 3172K, capacity 3266K, committed 3328K, reserved 1048576K
Event: 1.413 GC heap after
Heap after GC invocations=5 (full 1):
 PSYoungGen      total 107520K, used 9582K [0x000000076b180000, 0x0000000774580000, 0x00000007c0000000)
  eden space 97792K, 0% used [0x000000076b180000,0x000000076b180000,0x0000000771100000)
  from space 9728K, 98% used [0x0000000773c00000,0x000000077455b9c8,0x0000000774580000)
  to   space 10752K, 0% used [0x0000000773080000,0x0000000773080000,0x0000000773b00000)
 ParOldGen       total 108032K, used 9248K [0x00000006c1400000, 0x00000006c7d80000, 0x000000076b180000)
  object space 108032K, 8% used [0x00000006c1400000,0x00000006c1d08080,0x00000006c7d80000)
 Metaspace       used 24884K, capacity 25274K, committed 25600K, reserved 1071104K
  class space    used 3172K, capacity 3266K, committed 3328K, reserved 1048576K
}
Event: 1.749 GC heap before
{Heap before GC invocations=6 (full 1):
 PSYoungGen      total 107520K, used 107374K [0x000000076b180000, 0x0000000774580000, 0x00000007c0000000)
  eden space 97792K, 100% used [0x000000076b180000,0x0000000771100000,0x0000000771100000)
  from space 9728K, 98% used [0x0000000773c00000,0x000000077455b9c8,0x0000000774580000)
  to   space 10752K, 0% used [0x0000000773080000,0x0000000773080000,0x0000000773b00000)
 ParOldGen       total 108032K, used 9248K [0x00000006c1400000, 0x00000006c7d80000, 0x000000076b180000)
  object space 108032K, 8% used [0x00000006c1400000,0x00000006c1d08080,0x00000006c7d80000)
 Metaspace       used 28668K, capacity 29086K, committed 29440K, reserved 1075200K
  class space    used 3718K, capacity 3832K, committed 3840K, reserved 1048576K
Event: 1.754 GC heap after
Heap after GC invocations=6 (full 1):
 PSYoungGen      total 140800K, used 10720K [0x000000076b180000, 0x0000000775780000, 0x00000007c0000000)
  eden space 130048K, 0% used [0x000000076b180000,0x000000076b180000,0x0000000773080000)
  from space 10752K, 99% used [0x0000000773080000,0x0000000773af82f8,0x0000000773b00000)
  to   space 12800K, 0% used [0x0000000774b00000,0x0000000774b00000,0x0000000775780000)
 ParOldGen       total 108032K, used 11316K [0x00000006c1400000, 0x00000006c7d80000, 0x000000076b180000)
  object space 108032K, 10% used [0x00000006c1400000,0x00000006c1f0d3a0,0x00000006c7d80000)
 Metaspace       used 28668K, capacity 29086K, committed 29440K, reserved 1075200K
  class space    used 3718K, capacity 3832K, committed 3840K, reserved 1048576K
}
Event: 220.199 GC heap before
{Heap before GC invocations=7 (full 1):
 PSYoungGen      total 140800K, used 140768K [0x000000076b180000, 0x0000000775780000, 0x00000007c0000000)
  eden space 130048K, 100% used [0x000000076b180000,0x0000000773080000,0x0000000773080000)
  from space 10752K, 99% used [0x0000000773080000,0x0000000773af82f8,0x0000000773b00000)
  to   space 12800K, 0% used [0x0000000774b00000,0x0000000774b00000,0x0000000775780000)
 ParOldGen       total 108032K, used 11316K [0x00000006c1400000, 0x00000006c7d80000, 0x000000076b180000)
  object space 108032K, 10% used [0x00000006c1400000,0x00000006c1f0d3a0,0x00000006c7d80000)
 Metaspace       used 31770K, capacity 32382K, committed 32512K, reserved 1077248K
  class space    used 4151K, capacity 4279K, committed 4352K, reserved 1048576K
Event: 220.205 GC heap after
Heap after GC invocations=7 (full 1):
 PSYoungGen      total 155648K, used 12789K [0x000000076b180000, 0x0000000778000000, 0x00000007c0000000)
  eden space 142848K, 0% used [0x000000076b180000,0x000000076b180000,0x0000000773d00000)
  from space 12800K, 99% used [0x0000000774b00000,0x000000077577d5f8,0x0000000775780000)
  to   space 14336K, 0% used [0x0000000773d00000,0x0000000773d00000,0x0000000774b00000)
 ParOldGen       total 108032K, used 12241K [0x00000006c1400000, 0x00000006c7d80000, 0x000000076b180000)
  object space 108032K, 11% used [0x00000006c1400000,0x00000006c1ff4598,0x00000006c7d80000)
 Metaspace       used 31770K, capacity 32382K, committed 32512K, reserved 1077248K
  class space    used 4151K, capacity 4279K, committed 4352K, reserved 1048576K
}
Event: 220.329 GC heap before
{Heap before GC invocations=8 (full 1):
 PSYoungGen      total 155648K, used 36221K [0x000000076b180000, 0x0000000778000000, 0x00000007c0000000)
  eden space 142848K, 16% used [0x000000076b180000,0x000000076c861ef0,0x0000000773d00000)
  from space 12800K, 99% used [0x0000000774b00000,0x000000077577d5f8,0x0000000775780000)
  to   space 14336K, 0% used [0x0000000773d00000,0x0000000773d00000,0x0000000774b00000)
 ParOldGen       total 108032K, used 12241K [0x00000006c1400000, 0x00000006c7d80000, 0x000000076b180000)
  object space 108032K, 11% used [0x00000006c1400000,0x00000006c1ff4598,0x00000006c7d80000)
 Metaspace       used 34722K, capacity 35262K, committed 35416K, reserved 1081344K
  class space    used 4399K, capacity 4535K, committed 4608K, reserved 1048576K
Event: 220.334 GC heap after
Heap after GC invocations=8 (full 1):
 PSYoungGen      total 157184K, used 14305K [0x000000076b180000, 0x000000077a280000, 0x00000007c0000000)
  eden space 142848K, 0% used [0x000000076b180000,0x000000076b180000,0x0000000773d00000)
  from space 14336K, 99% used [0x0000000773d00000,0x0000000774af8618,0x0000000774b00000)
  to   space 15872K, 0% used [0x0000000779300000,0x0000000779300000,0x000000077a280000)
 ParOldGen       total 108032K, used 13155K [0x00000006c1400000, 0x00000006c7d80000, 0x000000076b180000)
  object space 108032K, 12% used [0x00000006c1400000,0x00000006c20d8cb8,0x00000006c7d80000)
 Metaspace       used 34722K, capacity 35262K, committed 35416K, reserved 1081344K
  class space    used 4399K, capacity 4535K, committed 4608K, reserved 1048576K
}
Event: 220.334 GC heap before
{Heap before GC invocations=9 (full 2):
 PSYoungGen      total 157184K, used 14305K [0x000000076b180000, 0x000000077a280000, 0x00000007c0000000)
  eden space 142848K, 0% used [0x000000076b180000,0x000000076b180000,0x0000000773d00000)
  from space 14336K, 99% used [0x0000000773d00000,0x0000000774af8618,0x0000000774b00000)
  to   space 15872K, 0% used [0x0000000779300000,0x0000000779300000,0x000000077a280000)
 ParOldGen       total 108032K, used 13155K [0x00000006c1400000, 0x00000006c7d80000, 0x000000076b180000)
  object space 108032K, 12% used [0x00000006c1400000,0x00000006c20d8cb8,0x00000006c7d80000)
 Metaspace       used 34722K, capacity 35262K, committed 35416K, reserved 1081344K
  class space    used 4399K, capacity 4535K, committed 4608K, reserved 1048576K
Event: 220.368 GC heap after
Heap after GC invocations=9 (full 2):
 PSYoungGen      total 157184K, used 0K [0x000000076b180000, 0x000000077a280000, 0x00000007c0000000)
  eden space 142848K, 0% used [0x000000076b180000,0x000000076b180000,0x0000000773d00000)
  from space 14336K, 0% used [0x0000000773d00000,0x0000000773d00000,0x0000000774b00000)
  to   space 15872K, 0% used [0x0000000779300000,0x0000000779300000,0x000000077a280000)
 ParOldGen       total 153600K, used 20897K [0x00000006c1400000, 0x00000006caa00000, 0x000000076b180000)
  object space 153600K, 13% used [0x00000006c1400000,0x00000006c28687d8,0x00000006caa00000)
 Metaspace       used 34722K, capacity 35262K, committed 35416K, reserved 1081344K
  class space    used 4399K, capacity 4535K, committed 4608K, reserved 1048576K
}

Deoptimization events (0 events):
No events

Classes redefined (0 events):
No events

Internal exceptions (10 events):
Event: 220.231 Thread 0x00000000221e3000 Exception <a 'java/lang/ClassNotFoundException': org/springframework/web/servlet/theme/AbstractThemeResolverCustomizer> (0x000000076b70e198) thrown at [C:\re\workspace\8-2-build-windows-amd64-cygwin\jdk8u201\12322\hotspot\src\share\vm\classfile\systemDict
Event: 220.232 Thread 0x00000000221e3000 Exception <a 'java/lang/ClassNotFoundException': org/springframework/web/servlet/theme/FixedThemeResolverCustomizer> (0x000000076b726a38) thrown at [C:\re\workspace\8-2-build-windows-amd64-cygwin\jdk8u201\12322\hotspot\src\share\vm\classfile\systemDiction
Event: 220.232 Thread 0x00000000221e3000 Exception <a 'java/lang/ClassNotFoundException': org/springframework/web/servlet/ThemeResolverCustomizer> (0x000000076b73ccf0) thrown at [C:\re\workspace\8-2-build-windows-amd64-cygwin\jdk8u201\12322\hotspot\src\share\vm\classfile\systemDictionary.cpp, li
Event: 220.233 Thread 0x00000000221e3000 Exception <a 'java/lang/ClassNotFoundException': java/lang/ObjectCustomizer> (0x000000076b7612b8) thrown at [C:\re\workspace\8-2-build-windows-amd64-cygwin\jdk8u201\12322\hotspot\src\share\vm\classfile\systemDictionary.cpp, line 210]
Event: 220.234 Thread 0x00000000221e3000 Exception <a 'java/lang/ClassNotFoundException': org/springframework/web/servlet/view/DefaultRequestToViewNameTranslatorCustomizer> (0x000000076b77d0a8) thrown at [C:\re\workspace\8-2-build-windows-amd64-cygwin\jdk8u201\12322\hotspot\src\share\vm\classfil
Event: 220.234 Thread 0x00000000221e3000 Exception <a 'java/lang/ClassNotFoundException': org/springframework/web/servlet/RequestToViewNameTranslatorCustomizer> (0x000000076b7a48b8) thrown at [C:\re\workspace\8-2-build-windows-amd64-cygwin\jdk8u201\12322\hotspot\src\share\vm\classfile\systemDict
Event: 220.235 Thread 0x00000000221e3000 Exception <a 'java/lang/ClassNotFoundException': java/lang/ObjectCustomizer> (0x000000076b7daf40) thrown at [C:\re\workspace\8-2-build-windows-amd64-cygwin\jdk8u201\12322\hotspot\src\share\vm\classfile\systemDictionary.cpp, line 210]
Event: 220.236 Thread 0x00000000221e3000 Exception <a 'java/lang/ClassNotFoundException': org/springframework/web/servlet/support/AbstractFlashMapManagerCustomizer> (0x000000076b7f51b0) thrown at [C:\re\workspace\8-2-build-windows-amd64-cygwin\jdk8u201\12322\hotspot\src\share\vm\classfile\system
Event: 220.236 Thread 0x00000000221e3000 Exception <a 'java/lang/ClassNotFoundException': org/springframework/web/servlet/support/SessionFlashMapManagerCustomizer> (0x000000076b8132d8) thrown at [C:\re\workspace\8-2-build-windows-amd64-cygwin\jdk8u201\12322\hotspot\src\share\vm\classfile\systemD
Event: 220.237 Thread 0x00000000221e3000 Exception <a 'java/lang/ClassNotFoundException': org/springframework/web/servlet/FlashMapManagerCustomizer> (0x000000076b8293a0) thrown at [C:\re\workspace\8-2-build-windows-amd64-cygwin\jdk8u201\12322\hotspot\src\share\vm\classfile\systemDictionary.cpp, 

Events (10 events):
Event: 220.369 Executing VM operation: RevokeBias
Event: 220.370 Executing VM operation: RevokeBias done
Event: 220.370 Executing VM operation: RevokeBias
Event: 220.370 Executing VM operation: RevokeBias done
Event: 220.370 Executing VM operation: RevokeBias
Event: 220.370 Executing VM operation: RevokeBias done
Event: 220.370 loading class org/eclipse/jdt/internal/compiler/util/Util
Event: 220.370 loading class org/eclipse/jdt/internal/compiler/util/Util done
Event: 220.371 loading class org/eclipse/jdt/internal/compiler/util/SuffixConstants
Event: 220.371 loading class org/eclipse/jdt/internal/compiler/util/SuffixConstants done


Dynamic libraries:
0x00007ff6afdf0000 - 0x00007ff6afe27000 	F:\jdk\bin\java.exe
0x00007ff995080000 - 0x00007ff99526d000 	C:\Windows\SYSTEM32\ntdll.dll
0x00007ff994c90000 - 0x00007ff994d43000 	C:\Windows\System32\KERNEL32.DLL
0x00007ff991da0000 - 0x00007ff992033000 	C:\Windows\System32\KERNELBASE.dll
0x00007ff992f90000 - 0x00007ff993033000 	C:\Windows\System32\ADVAPI32.dll
0x00007ff994a90000 - 0x00007ff994b2e000 	C:\Windows\System32\msvcrt.dll
0x00007ff9928b0000 - 0x00007ff99294e000 	C:\Windows\System32\sechost.dll
0x00007ff992780000 - 0x00007ff9928a2000 	C:\Windows\System32\RPCRT4.dll
0x00007ff994de0000 - 0x00007ff994f77000 	C:\Windows\System32\USER32.dll
0x00007ff9920f0000 - 0x00007ff992110000 	C:\Windows\System32\win32u.dll
0x00007ff994c60000 - 0x00007ff994c89000 	C:\Windows\System32\GDI32.dll
0x00007ff992110000 - 0x00007ff9922aa000 	C:\Windows\System32\gdi32full.dll
0x00007ff991ce0000 - 0x00007ff991d80000 	C:\Windows\System32\msvcp_win.dll
0x00007ff9911d0000 - 0x00007ff9912cc000 	C:\Windows\System32\ucrtbase.dll
0x00007ff9864f0000 - 0x00007ff986769000 	C:\Windows\WinSxS\amd64_microsoft.windows.common-controls_6595b64144ccf1df_6.0.17763.316_none_05b53be2071f46b6\COMCTL32.dll
0x00007ff992450000 - 0x00007ff99277d000 	C:\Windows\System32\combase.dll
0x00007ff991150000 - 0x00007ff9911ce000 	C:\Windows\System32\bcryptPrimitives.dll
0x00007ff9932a0000 - 0x00007ff9932ce000 	C:\Windows\System32\IMM32.DLL
0x000000006acd0000 - 0x000000006ada1000 	F:\jdk\jre\bin\msvcr100.dll
0x000000006a420000 - 0x000000006acc4000 	F:\jdk\jre\bin\server\jvm.dll
0x00007ff994a80000 - 0x00007ff994a88000 	C:\Windows\System32\PSAPI.DLL
0x00007ff98da90000 - 0x00007ff98da99000 	C:\Windows\SYSTEM32\WSOCK32.dll
0x00007ff98f350000 - 0x00007ff98f374000 	C:\Windows\SYSTEM32\WINMM.dll
0x00007ff9930c0000 - 0x00007ff99312d000 	C:\Windows\System32\WS2_32.dll
0x00007ff98c650000 - 0x00007ff98c65a000 	C:\Windows\SYSTEM32\VERSION.dll
0x00007ff98f0e0000 - 0x00007ff98f10d000 	C:\Windows\SYSTEM32\WINMMBASE.dll
0x00007ff991a80000 - 0x00007ff991aca000 	C:\Windows\System32\cfgmgr32.dll
0x00007ff9803e0000 - 0x00007ff9803ef000 	F:\jdk\jre\bin\verify.dll
0x00007ff97f7a0000 - 0x00007ff97f7c9000 	F:\jdk\jre\bin\java.dll
0x00007ff976b80000 - 0x00007ff976ba3000 	F:\jdk\jre\bin\instrument.dll
0x00007ff97ee30000 - 0x00007ff97ee46000 	F:\jdk\jre\bin\zip.dll
0x00007ff993480000 - 0x00007ff99496f000 	C:\Windows\System32\SHELL32.dll
0x00007ff9922c0000 - 0x00007ff992368000 	C:\Windows\System32\shcore.dll
0x00007ff9912d0000 - 0x00007ff991a1a000 	C:\Windows\System32\windows.storage.dll
0x00007ff991120000 - 0x00007ff991144000 	C:\Windows\System32\profapi.dll
0x00007ff991080000 - 0x00007ff9910dd000 	C:\Windows\System32\powrprof.dll
0x00007ff994d50000 - 0x00007ff994da2000 	C:\Windows\System32\shlwapi.dll
0x00007ff991100000 - 0x00007ff991111000 	C:\Windows\System32\kernel.appcore.dll
0x00007ff991d80000 - 0x00007ff991d97000 	C:\Windows\System32\cryptsp.dll
0x00007ff97be80000 - 0x00007ff97be9a000 	F:\IDEA\IntelliJ IDEA 2018.3.4\bin\breakgen64.dll
0x00007ff97dac0000 - 0x00007ff97dada000 	F:\jdk\jre\bin\net.dll
0x00007ff983380000 - 0x00007ff983557000 	C:\Windows\SYSTEM32\urlmon.dll
0x00007ff983bf0000 - 0x00007ff983e98000 	C:\Windows\SYSTEM32\iertutil.dll
0x00007ff990a80000 - 0x00007ff990a8c000 	C:\Windows\SYSTEM32\CRYPTBASE.DLL
0x00007ff9908b0000 - 0x00007ff990917000 	C:\Windows\system32\mswsock.dll
0x00007ff990650000 - 0x00007ff990716000 	C:\Windows\SYSTEM32\DNSAPI.dll
0x00007ff994dd0000 - 0x00007ff994dd8000 	C:\Windows\System32\NSI.dll
0x00007ff990610000 - 0x00007ff99064d000 	C:\Windows\SYSTEM32\IPHLPAPI.DLL
0x00007ff988970000 - 0x00007ff98897a000 	C:\Windows\System32\rasadhlp.dll
0x00007ff98b180000 - 0x00007ff98b1f9000 	C:\Windows\System32\fwpuclnt.dll
0x00007ff991ad0000 - 0x00007ff991af6000 	C:\Windows\System32\bcrypt.dll
0x00007ff980600000 - 0x00007ff98060d000 	F:\jdk\jre\bin\management.dll
0x00007ff976f10000 - 0x00007ff976f21000 	F:\jdk\jre\bin\nio.dll
0x00007ff990470000 - 0x00007ff9904a3000 	C:\Windows\system32\rsaenh.dll
0x00007ff990fb0000 - 0x00007ff990fd8000 	C:\Windows\SYSTEM32\USERENV.dll
0x00007ff98b2f0000 - 0x00007ff98b306000 	C:\Windows\SYSTEM32\dhcpcsvc6.DLL
0x00007ff98b3f0000 - 0x00007ff98b40c000 	C:\Windows\SYSTEM32\dhcpcsvc.DLL
0x00007ff97f600000 - 0x00007ff97f616000 	C:\Windows\system32\napinsp.dll
0x00007ff97f5e0000 - 0x00007ff97f5fa000 	C:\Windows\system32\pnrpnsp.dll
0x00007ff97f5d0000 - 0x00007ff97f5de000 	C:\Windows\System32\winrnr.dll
0x00007ff98d950000 - 0x00007ff98d96b000 	C:\Windows\system32\NLAapi.dll
0x00007ff97f5b0000 - 0x00007ff97f5c5000 	C:\Windows\system32\wshbth.dll
0x00007ff981cd0000 - 0x00007ff981ebd000 	C:\Windows\SYSTEM32\dbghelp.dll

VM Arguments:
jvm_args: -XX:TieredStopAtLevel=1 -Xverify:none -Dspring.output.ansi.enabled=always -Dcom.sun.management.jmxremote -Dspring.liveBeansView.mbeanDomain -Dspring.application.admin.enabled=true -javaagent:F:\IDEA\IntelliJ IDEA 2018.3.4\lib\idea_rt.jar=50430:F:\IDEA\IntelliJ IDEA 2018.3.4\bin -Dfile.encoding=UTF-8 
java_command: com.example.bbzn.BbznApplication
java_class_path (initial): F:\jdk\jre\lib\charsets.jar;F:\jdk\jre\lib\deploy.jar;F:\jdk\jre\lib\ext\access-bridge-64.jar;F:\jdk\jre\lib\ext\cldrdata.jar;F:\jdk\jre\lib\ext\dnsns.jar;F:\jdk\jre\lib\ext\jaccess.jar;F:\jdk\jre\lib\ext\jfxrt.jar;F:\jdk\jre\lib\ext\localedata.jar;F:\jdk\jre\lib\ext\nashorn.jar;F:\jdk\jre\lib\ext\sunec.jar;F:\jdk\jre\lib\ext\sunjce_provider.jar;F:\jdk\jre\lib\ext\sunmscapi.jar;F:\jdk\jre\lib\ext\sunpkcs11.jar;F:\jdk\jre\lib\ext\zipfs.jar;F:\jdk\jre\lib\javaws.jar;F:\jdk\jre\lib\jce.jar;F:\jdk\jre\lib\jfr.jar;F:\jdk\jre\lib\jfxswt.jar;F:\jdk\jre\lib\jsse.jar;F:\jdk\jre\lib\management-agent.jar;F:\jdk\jre\lib\plugin.jar;F:\jdk\jre\lib\resources.jar;F:\jdk\jre\lib\rt.jar;D:\bbzn\target\classes;C:\Users\Admin\.m2\repository\org\apache\poi\poi\3.17\poi-3.17.jar;C:\Users\Admin\.m2\repository\commons-codec\commons-codec\1.10\commons-codec-1.10.jar;C:\Users\Admin\.m2\repository\org\apache\commons\commons-collections4\4.1\commons-collections4-4.1.jar;C:\Users\Admin\.m2\repository\org\springframework\boot\spring-boot-starter-web\1.5.19.RELEASE\spring-boot-starter-web-1.5.19.RELEASE.jar;C:\Users\Admin\.m2\repository\org\springframework\boot\spring-boot-starter\1.5.19.RELEASE\spring-boot-starter-1.5.19.RELEASE.jar;C:\Users\Admin\.m2\repository\org\springframework\boot\spring-boot\1.5.19.RELEASE\spring-boot-1.5.19.RELEASE.jar;C:\Users\Admin\.m2\repository\org\springframework\boot\spring-boot-autoconfigure\1.5.19.RELEASE\spring-boot-autoconfigure-1.5.19.RELEASE.jar;C:\Users\Admin\.m2\repository\org\springframework\boot\spring-boot-starter-logging\1.5.19.RELEASE\spring-boot-starter-logging-1.5.19.RELEASE.jar;C:\Users\Admin\.m2\repository\ch\qos\logback\logback-classic\1.1.11\logback-classic-1.1.11.jar;C:\Users\Admin\.m2\repository\ch\qos\logback\logback-core\1.1.11\logback-core-1.1.11.jar;C:\Users\Admin\.m2\repository\org\slf4j\jcl-over-slf4j\1.7.25\jcl-over-slf4j-1.7.25.jar;C:\Users\Admin\.m2\repository\org\slf4j\jul-to-slf4j\1.7.25\jul-to-slf4j-1.7.
Launcher Type: SUN_STANDARD

Environment Variables:
JAVA_HOME=F:\jdk
PATH=F:\jdk\bin;F:\jdk\jre\bin;F:\tomcat\apache-tomcat-7.0.93\bin;F:\tomcat\apache-tomcat-7.0.93\lib;C:\Windows\system32;C:\Windows;C:\Windows\System32\Wbem;C:\Windows\System32\WindowsPowerShell\v1.0\;C:\Windows\System32\OpenSSH\;F:\mysql\mysql-8.0.15-winx64\bin;C:\Users\Admin\AppData\Local\Microsoft\WindowsApps;
USERNAME=Admin
OS=Windows_NT
PROCESSOR_IDENTIFIER=Intel64 Family 6 Model 158 Stepping 10, GenuineIntel



---------------  S Y S T E M  ---------------

OS: Windows 10.0 , 64 bit Build 17763 (10.0.17763.292)

CPU:total 12 (initial active 12) (6 cores per cpu, 2 threads per core) family 6 model 158 stepping 10, cmov, cx8, fxsr, mmx, sse, sse2, sse3, ssse3, sse4.1, sse4.2, popcnt, avx, avx2, aes, clmul, erms, rtm, 3dnowpref, lzcnt, ht, tsc, tscinvbit, bmi1, bmi2, adx

Memory: 4k page, physical 16688388k(11280352k free), swap 17736964k(9631864k free)

vm_info: Java HotSpot(TM) 64-Bit Server VM (25.201-b09) for windows-amd64 JRE (1.8.0_201-b09), built on Dec 15 2018 18:36:39 by "java_re" with MS VC++ 10.0 (VS2010)

time: Fri Mar 08 17:59:28 2019
timezone: 中国标准时间
elapsed time: 220 seconds (0d 0h 3m 40s)

